0 info it worked if it ends with ok
1 verbose cli [ '/Users/unifiedapplications/.nvm/v0.12.2/bin/node',
1 verbose cli   '/Users/unifiedapplications/.nvm/v0.12.2/bin/npm',
1 verbose cli   'start' ]
2 info using npm@2.7.4
3 info using node@v0.12.2
4 verbose stack Error: missing script: start
4 verbose stack     at run (/Users/unifiedapplications/.nvm/v0.12.2/lib/node_modules/npm/lib/run-script.js:165:19)
4 verbose stack     at /Users/unifiedapplications/.nvm/v0.12.2/lib/node_modules/npm/lib/run-script.js:81:5
4 verbose stack     at /Users/unifiedapplications/.nvm/v0.12.2/lib/node_modules/npm/node_modules/read-package-json/read-json.js:52:40
4 verbose stack     at /Users/unifiedapplications/.nvm/v0.12.2/lib/node_modules/npm/node_modules/read-package-json/read-json.js:376:33
4 verbose stack     at checkBinReferences_ (/Users/unifiedapplications/.nvm/v0.12.2/lib/node_modules/npm/node_modules/read-package-json/read-json.js:341:59)
4 verbose stack     at final (/Users/unifiedapplications/.nvm/v0.12.2/lib/node_modules/npm/node_modules/read-package-json/read-json.js:373:17)
4 verbose stack     at then (/Users/unifiedapplications/.nvm/v0.12.2/lib/node_modules/npm/node_modules/read-package-json/read-json.js:127:33)
4 verbose stack     at /Users/unifiedapplications/.nvm/v0.12.2/lib/node_modules/npm/node_modules/read-package-json/read-json.js:317:48
4 verbose stack     at evalmachine.<anonymous>:263:20
4 verbose stack     at OpenReq.Req.done (/Users/unifiedapplications/.nvm/v0.12.2/lib/node_modules/npm/node_modules/graceful-fs/graceful-fs.js:141:5)
5 verbose cwd /Users/unifiedapplications/Desktop/Deploying NodeJS/js/chaper_seven
6 error Darwin 14.1.0
7 error argv "/Users/unifiedapplications/.nvm/v0.12.2/bin/node" "/Users/unifiedapplications/.nvm/v0.12.2/bin/npm" "start"
8 error node v0.12.2
9 error npm  v2.7.4
10 error missing script: start
11 error If you need help, you may report this error at:
11 error     <https://github.com/npm/npm/issues>
12 verbose exit [ 1, true ]
